Using pre-set license
Built from '2020.3/staging' branch; Version is '2020.3.6f1 (338bb68529b2) revision 3378102'; Using compiler version '192528614'; Build Type 'Release'
OS: 'Windows 10 Pro; OS build 19042.1526; Version 2009; 64bit' Language: 'en' Physical Memory: 8047 MB
BatchMode: 1, IsHumanControllingUs: 0, StartBugReporterOnCrash: 0, Is64bit: 1, IsPro: 0

 COMMAND LINE ARGUMENTS:
C:\Program Files\Unity\Hub\Editor\2020.3.6f1\Editor\Unity.exe
-adb2
-batchMode
-noUpm
-name
AssetImportWorker0
-projectPath
C:/Users/hipto/source/repos/Unity/Terrain Pathfinder
-logFile
Logs/AssetImportWorker0.log
-srvPort
55333
Successfully changed project path to: C:/Users/hipto/source/repos/Unity/Terrain Pathfinder
C:/Users/hipto/source/repos/Unity/Terrain Pathfinder
Using Asset Import Pipeline V2.
Refreshing native plugins compatible for Editor in 34.68 ms, found 0 plugins.
Preloading 0 native plugins for Editor in 0.00 ms.
Initialize engine version: 2020.3.6f1 (338bb68529b2)
[Subsystems] Discovering subsystems at path C:/Program Files/Unity/Hub/Editor/2020.3.6f1/Editor/Data/Resources/UnitySubsystems
[Subsystems] Discovering subsystems at path C:/Users/hipto/source/repos/Unity/Terrain Pathfinder/Assets
GfxDevice: creating device client; threaded=0
Direct3D:
    Version:  Direct3D 11.0 [level 11.1]
    Renderer: Intel(R) HD Graphics 520 (ID=0x1916)
    Vendor:   
    VRAM:     4023 MB
    Driver:   27.20.100.8681
Initialize mono
Mono path[0] = 'C:/Program Files/Unity/Hub/Editor/2020.3.6f1/Editor/Data/Managed'
Mono path[1] = 'C:/Program Files/Unity/Hub/Editor/2020.3.6f1/Editor/Data/MonoBleedingEdge/lib/mono/unityjit'
Mono config path = 'C:/Program Files/Unity/Hub/Editor/2020.3.6f1/Editor/Data/MonoBleedingEdge/etc'
Using monoOptions --debugger-agent=transport=dt_socket,embedding=1,server=y,suspend=n,address=127.0.0.1:56524
Begin MonoManager ReloadAssembly
Registering precompiled unity dll's ...
Register platform support module: C:/Program Files/Unity/Hub/Editor/2020.3.6f1/Editor/Data/PlaybackEngines/WindowsStandaloneSupport/UnityEditor.WindowsStandalone.Extensions.dll
Registered in 0.004394 seconds.
Native extension for WindowsStandalone target not found
Refreshing native plugins compatible for Editor in 33.71 ms, found 0 plugins.
Preloading 0 native plugins for Editor in 0.00 ms.
Mono: successfully reloaded assembly
- Completed reload, in  3.597 seconds
Platform modules already initialized, skipping
Registering precompiled user dll's ...
Registered in 0.002080 seconds.
Begin MonoManager ReloadAssembly
Native extension for WindowsStandalone target not found
Refreshing native plugins compatible for Editor in 0.37 ms, found 0 plugins.
Preloading 0 native plugins for Editor in 0.00 ms.
Mono: successfully reloaded assembly
- Completed reload, in  1.343 seconds
Platform modules already initialized, skipping
========================================================================
Worker process is ready to serve import requests
Launched and connected shader compiler UnityShaderCompiler.exe after 0.09 seconds
Refreshing native plugins compatible for Editor in 0.23 ms, found 0 plugins.
Preloading 0 native plugins for Editor in 0.00 ms.
Unloading 1115 Unused Serialized files (Serialized files now loaded: 0)
System memory in use before: 57.2 MB.
System memory in use after: 57.2 MB.

Unloading 10 unused Assets to reduce memory usage. Loaded Objects now: 1557.
Total: 2.355700 ms (FindLiveObjects: 0.237400 ms CreateObjectMapping: 0.079100 ms MarkObjects: 1.939900 ms  DeleteObjects: 0.098000 ms)

========================================================================
Received Import Request.
  path: Assets
  artifactKey: Guid(00000000000000001000000000000000) Importer(815301076,1909f56bfc062723c751e8b465ee728b)
Start importing Assets using Guid(00000000000000001000000000000000) Importer(815301076,1909f56bfc062723c751e8b465ee728b)  -> (artifact id: '2c602d4445bd9e0e517b9a7c882a2249') in 0.016237 seconds
  Import took 0.020555 seconds .

========================================================================
Received Import Request.
  Time since last request: 1.656405 seconds.
  path: Assets/Noise
  artifactKey: Guid(b15048466ea3b8248b89378cc80eb4da) Importer(815301076,1909f56bfc062723c751e8b465ee728b)
Start importing Assets/Noise using Guid(b15048466ea3b8248b89378cc80eb4da) Importer(815301076,1909f56bfc062723c751e8b465ee728b)  -> (artifact id: '484194f6813a34d8c0ea53b8ecdb2ebd') in 0.020622 seconds
  Import took 0.023916 seconds .

========================================================================
Received Import Request.
  Time since last request: 16.628035 seconds.
  path: Assets/Noise/NoiseMap.png
  artifactKey: Guid(866a7a4546e5de44f8075792aa48a23f) Importer(815301076,1909f56bfc062723c751e8b465ee728b)
Start importing Assets/Noise/NoiseMap.png using Guid(866a7a4546e5de44f8075792aa48a23f) Importer(815301076,1909f56bfc062723c751e8b465ee728b)  -> (artifact id: '5597b3fa9159cb2cee3f3add971f95d4') in 0.111548 seconds
  Import took 0.115499 seconds .

========================================================================
Received Import Request.
  Time since last request: 0.004158 seconds.
  path: Assets/Noise/NoiseMap.png
  artifactKey: Guid(866a7a4546e5de44f8075792aa48a23f) Importer(815301076,1909f56bfc062723c751e8b465ee728b)
Start importing Assets/Noise/NoiseMap.png using Guid(866a7a4546e5de44f8075792aa48a23f) Importer(815301076,1909f56bfc062723c751e8b465ee728b)  -> (artifact id: '5597b3fa9159cb2cee3f3add971f95d4') in 0.024943 seconds
  Import took 0.029861 seconds .

========================================================================
Received Import Request.
  Time since last request: 170.259715 seconds.
  path: Assets/Scripts
  artifactKey: Guid(4fc77fffcfd18624ea48b06aada57ee6) Importer(815301076,1909f56bfc062723c751e8b465ee728b)
Start importing Assets/Scripts using Guid(4fc77fffcfd18624ea48b06aada57ee6) Importer(815301076,1909f56bfc062723c751e8b465ee728b)  -> (artifact id: '3cd43ba226e4040e286a26c6a0698866') in 0.015853 seconds
  Import took 0.021432 seconds .

========================================================================
Received Import Request.
  Time since last request: 46.190960 seconds.
  path: Assets/Scripts/MeshGenerator.cs
  artifactKey: Guid(fe484729a1fa2cc4c9448550108832f2) Importer(815301076,1909f56bfc062723c751e8b465ee728b)
Start importing Assets/Scripts/MeshGenerator.cs using Guid(fe484729a1fa2cc4c9448550108832f2) Importer(815301076,1909f56bfc062723c751e8b465ee728b)  -> (artifact id: 'f532e53a3698d66df3a1c09654a2cc5b') in 0.018398 seconds
  Import took 0.021835 seconds .

========================================================================
Received Prepare
Registering precompiled user dll's ...
Registered in 0.000899 seconds.
Begin MonoManager ReloadAssembly
Native extension for WindowsStandalone target not found
Refreshing native plugins compatible for Editor in 0.24 ms, found 0 plugins.
Preloading 0 native plugins for Editor in 0.00 ms.
Mono: successfully reloaded assembly
- Completed reload, in  1.187 seconds
Platform modules already initialized, skipping
Refreshing native plugins compatible for Editor in 0.54 ms, found 0 plugins.
Preloading 0 native plugins for Editor in 0.00 ms.
Unloading 1111 Unused Serialized files (Serialized files now loaded: 0)
System memory in use before: 57.2 MB.
System memory in use after: 57.2 MB.

Unloading 5 unused Assets to reduce memory usage. Loaded Objects now: 1563.
Total: 2.605800 ms (FindLiveObjects: 0.407300 ms CreateObjectMapping: 0.139600 ms MarkObjects: 1.976200 ms  DeleteObjects: 0.081100 ms)

========================================================================
Received Import Request.
  Time since last request: 52.439841 seconds.
  path: Assets/Scripts/TerrainManager.cs
  artifactKey: Guid(40a240f2b99063946b09dc3c9fe807c8) Importer(815301076,1909f56bfc062723c751e8b465ee728b)
Start importing Assets/Scripts/TerrainManager.cs using Guid(40a240f2b99063946b09dc3c9fe807c8) Importer(815301076,1909f56bfc062723c751e8b465ee728b)  -> (artifact id: 'fa40ecbaeda9f41b0c3d1c1b9363a08d') in 0.029569 seconds
  Import took 0.033493 seconds .

========================================================================
Received Prepare
Registering precompiled user dll's ...
Registered in 0.000881 seconds.
Begin MonoManager ReloadAssembly
Native extension for WindowsStandalone target not found
Refreshing native plugins compatible for Editor in 0.25 ms, found 0 plugins.
Preloading 0 native plugins for Editor in 0.00 ms.
Mono: successfully reloaded assembly
- Completed reload, in  1.289 seconds
Platform modules already initialized, skipping
Refreshing native plugins compatible for Editor in 0.46 ms, found 0 plugins.
Preloading 0 native plugins for Editor in 0.00 ms.
Unloading 1112 Unused Serialized files (Serialized files now loaded: 0)
System memory in use before: 57.2 MB.
System memory in use after: 57.3 MB.

Unloading 5 unused Assets to reduce memory usage. Loaded Objects now: 1567.
Total: 3.042100 ms (FindLiveObjects: 0.295000 ms CreateObjectMapping: 0.085600 ms MarkObjects: 2.592900 ms  DeleteObjects: 0.066200 ms)

========================================================================
Received Prepare
Registering precompiled user dll's ...
Registered in 0.000930 seconds.
Begin MonoManager ReloadAssembly
Native extension for WindowsStandalone target not found
Refreshing native plugins compatible for Editor in 0.32 ms, found 0 plugins.
Preloading 0 native plugins for Editor in 0.00 ms.
Mono: successfully reloaded assembly
- Completed reload, in  1.064 seconds
Platform modules already initialized, skipping
Refreshing native plugins compatible for Editor in 0.37 ms, found 0 plugins.
Preloading 0 native plugins for Editor in 0.00 ms.
Unloading 1112 Unused Serialized files (Serialized files now loaded: 0)
System memory in use before: 57.2 MB.
System memory in use after: 57.3 MB.

Unloading 5 unused Assets to reduce memory usage. Loaded Objects now: 1570.
Total: 2.010300 ms (FindLiveObjects: 0.152200 ms CreateObjectMapping: 0.040100 ms MarkObjects: 1.748800 ms  DeleteObjects: 0.067100 ms)

========================================================================
Received Import Request.
  Time since last request: 477.574191 seconds.
  path: Assets/Scripts/TerrainManager.cs
  artifactKey: Guid(40a240f2b99063946b09dc3c9fe807c8) Importer(815301076,1909f56bfc062723c751e8b465ee728b)
Start importing Assets/Scripts/TerrainManager.cs using Guid(40a240f2b99063946b09dc3c9fe807c8) Importer(815301076,1909f56bfc062723c751e8b465ee728b)  -> (artifact id: '37b42f57376bb40075649017e35c768f') in 0.009167 seconds
  Import took 0.013784 seconds .

========================================================================
Received Import Request.
  Time since last request: 1500.714313 seconds.
  path: Assets/Scripts/TerrainManager.cs
  artifactKey: Guid(40a240f2b99063946b09dc3c9fe807c8) Importer(815301076,1909f56bfc062723c751e8b465ee728b)
Start importing Assets/Scripts/TerrainManager.cs using Guid(40a240f2b99063946b09dc3c9fe807c8) Importer(815301076,1909f56bfc062723c751e8b465ee728b)  -> (artifact id: 'e1288598dc8f378f87d1851e0cd2753a') in 0.019843 seconds
  Import took 0.034046 seconds .

========================================================================
Received Import Request.
  Time since last request: 7.496504 seconds.
  path: Assets/Scripts/MeshData.cs
  artifactKey: Guid(bb1267a7bd0e31a42ad060077e7f403d) Importer(815301076,1909f56bfc062723c751e8b465ee728b)
Start importing Assets/Scripts/MeshData.cs using Guid(bb1267a7bd0e31a42ad060077e7f403d) Importer(815301076,1909f56bfc062723c751e8b465ee728b)  -> (artifact id: '13615e0391e5ce785b9ac231331e529f') in 0.035901 seconds
  Import took 0.040266 seconds .

========================================================================
Received Import Request.
  Time since last request: 260.920218 seconds.
  path: Assets/Scripts/MeshData.cs
  artifactKey: Guid(bb1267a7bd0e31a42ad060077e7f403d) Importer(815301076,1909f56bfc062723c751e8b465ee728b)
Start importing Assets/Scripts/MeshData.cs using Guid(bb1267a7bd0e31a42ad060077e7f403d) Importer(815301076,1909f56bfc062723c751e8b465ee728b)  -> (artifact id: '2ada24318dfa50bbd6e0b646d3beabb8') in 0.038472 seconds
  Import took 0.042990 seconds .

========================================================================
Received Prepare
Registering precompiled user dll's ...
Registered in 0.001584 seconds.
Begin MonoManager ReloadAssembly
Native extension for WindowsStandalone target not found
Refreshing native plugins compatible for Editor in 1.22 ms, found 0 plugins.
Preloading 0 native plugins for Editor in 0.00 ms.
Mono: successfully reloaded assembly
- Completed reload, in  1.689 seconds
Platform modules already initialized, skipping
Refreshing native plugins compatible for Editor in 0.23 ms, found 0 plugins.
Preloading 0 native plugins for Editor in 0.00 ms.
Unloading 1113 Unused Serialized files (Serialized files now loaded: 0)
System memory in use before: 57.3 MB.
System memory in use after: 57.3 MB.

Unloading 5 unused Assets to reduce memory usage. Loaded Objects now: 1574.
Total: 2.779900 ms (FindLiveObjects: 0.382700 ms CreateObjectMapping: 0.177600 ms MarkObjects: 2.088200 ms  DeleteObjects: 0.128700 ms)

========================================================================
Received Import Request.
  Time since last request: 1895.032950 seconds.
  path: Assets/Scripts/MeshData.cs
  artifactKey: Guid(bb1267a7bd0e31a42ad060077e7f403d) Importer(815301076,1909f56bfc062723c751e8b465ee728b)
Start importing Assets/Scripts/MeshData.cs using Guid(bb1267a7bd0e31a42ad060077e7f403d) Importer(815301076,1909f56bfc062723c751e8b465ee728b)  -> (artifact id: 'f3a900f7ced5d85735bf8480bf4a032e') in 0.012030 seconds
  Import took 0.016127 seconds .

========================================================================
Received Import Request.
  Time since last request: 0.000319 seconds.
  path: Assets/Scripts/TerrainChunk.cs
  artifactKey: Guid(40a240f2b99063946b09dc3c9fe807c8) Importer(815301076,1909f56bfc062723c751e8b465ee728b)
Start importing Assets/Scripts/TerrainChunk.cs using Guid(40a240f2b99063946b09dc3c9fe807c8) Importer(815301076,1909f56bfc062723c751e8b465ee728b)  -> (artifact id: 'cf41ec219ccc98dc6b1646839e39308c') in 0.021034 seconds
  Import took 0.024828 seconds .

========================================================================
Received Prepare
Registering precompiled user dll's ...
Registered in 0.001265 seconds.
Begin MonoManager ReloadAssembly
Native extension for WindowsStandalone target not found
Refreshing native plugins compatible for Editor in 0.24 ms, found 0 plugins.
Preloading 0 native plugins for Editor in 0.00 ms.
Mono: successfully reloaded assembly
- Completed reload, in  1.232 seconds
Platform modules already initialized, skipping
Refreshing native plugins compatible for Editor in 0.40 ms, found 0 plugins.
Preloading 0 native plugins for Editor in 0.00 ms.
Unloading 1113 Unused Serialized files (Serialized files now loaded: 0)
System memory in use before: 57.3 MB.
System memory in use after: 57.3 MB.

Unloading 5 unused Assets to reduce memory usage. Loaded Objects now: 1577.
Total: 2.162100 ms (FindLiveObjects: 0.271500 ms CreateObjectMapping: 0.087700 ms MarkObjects: 1.693400 ms  DeleteObjects: 0.107900 ms)

========================================================================
Received Prepare
Registering precompiled user dll's ...
Registered in 0.003553 seconds.
Begin MonoManager ReloadAssembly
Native extension for WindowsStandalone target not found
Refreshing native plugins compatible for Editor in 0.31 ms, found 0 plugins.
Preloading 0 native plugins for Editor in 0.00 ms.
Mono: successfully reloaded assembly
- Completed reload, in  1.607 seconds
Platform modules already initialized, skipping
Refreshing native plugins compatible for Editor in 0.23 ms, found 0 plugins.
Preloading 0 native plugins for Editor in 0.00 ms.
Unloading 1113 Unused Serialized files (Serialized files now loaded: 0)
System memory in use before: 57.3 MB.
System memory in use after: 57.3 MB.

Unloading 5 unused Assets to reduce memory usage. Loaded Objects now: 1580.
Total: 1.974300 ms (FindLiveObjects: 0.192100 ms CreateObjectMapping: 0.042600 ms MarkObjects: 1.643700 ms  DeleteObjects: 0.094300 ms)

========================================================================
Received Prepare
Registering precompiled user dll's ...
Registered in 0.001289 seconds.
Begin MonoManager ReloadAssembly
Native extension for WindowsStandalone target not found
Refreshing native plugins compatible for Editor in 0.23 ms, found 0 plugins.
Preloading 0 native plugins for Editor in 0.00 ms.
Mono: successfully reloaded assembly
- Completed reload, in  1.275 seconds
Platform modules already initialized, skipping
Refreshing native plugins compatible for Editor in 0.46 ms, found 0 plugins.
Preloading 0 native plugins for Editor in 0.00 ms.
Unloading 1113 Unused Serialized files (Serialized files now loaded: 0)
System memory in use before: 57.3 MB.
System memory in use after: 57.3 MB.

Unloading 5 unused Assets to reduce memory usage. Loaded Objects now: 1583.
Total: 6.889400 ms (FindLiveObjects: 0.302600 ms CreateObjectMapping: 0.100900 ms MarkObjects: 6.403800 ms  DeleteObjects: 0.079800 ms)

========================================================================
Received Prepare
Registering precompiled user dll's ...
Registered in 0.000910 seconds.
Begin MonoManager ReloadAssembly
Native extension for WindowsStandalone target not found
Refreshing native plugins compatible for Editor in 0.24 ms, found 0 plugins.
Preloading 0 native plugins for Editor in 0.00 ms.
Mono: successfully reloaded assembly
- Completed reload, in  1.032 seconds
Platform modules already initialized, skipping
Refreshing native plugins compatible for Editor in 0.23 ms, found 0 plugins.
Preloading 0 native plugins for Editor in 0.00 ms.
Unloading 1113 Unused Serialized files (Serialized files now loaded: 0)
System memory in use before: 57.3 MB.
System memory in use after: 57.4 MB.

Unloading 5 unused Assets to reduce memory usage. Loaded Objects now: 1586.
Total: 2.210500 ms (FindLiveObjects: 0.204900 ms CreateObjectMapping: 0.044600 ms MarkObjects: 1.867600 ms  DeleteObjects: 0.091500 ms)

========================================================================
Received Prepare
Registering precompiled user dll's ...
Registered in 0.000895 seconds.
Begin MonoManager ReloadAssembly
Native extension for WindowsStandalone target not found
Refreshing native plugins compatible for Editor in 0.89 ms, found 0 plugins.
Preloading 0 native plugins for Editor in 0.00 ms.
Mono: successfully reloaded assembly
- Completed reload, in  2.754 seconds
Platform modules already initialized, skipping
Refreshing native plugins compatible for Editor in 0.40 ms, found 0 plugins.
Preloading 0 native plugins for Editor in 0.00 ms.
Unloading 1113 Unused Serialized files (Serialized files now loaded: 0)
System memory in use before: 57.3 MB.
System memory in use after: 57.4 MB.

Unloading 5 unused Assets to reduce memory usage. Loaded Objects now: 1589.
Total: 6.306100 ms (FindLiveObjects: 0.492300 ms CreateObjectMapping: 0.360100 ms MarkObjects: 4.978400 ms  DeleteObjects: 0.470400 ms)

========================================================================
Received Import Request.
  Time since last request: 501.933108 seconds.
  path: Assets/Noise/NoiseMap.png
  artifactKey: Guid(866a7a4546e5de44f8075792aa48a23f) Importer(815301076,1909f56bfc062723c751e8b465ee728b)
Start importing Assets/Noise/NoiseMap.png using Guid(866a7a4546e5de44f8075792aa48a23f) Importer(815301076,1909f56bfc062723c751e8b465ee728b)  -> (artifact id: '72f66c8b30433b57aeaadc2cf62f17c4') in 0.195008 seconds
  Import took 0.202636 seconds .

========================================================================
Received Import Request.
  Time since last request: 55.626976 seconds.
  path: Assets/Noise/NoiseMap.png
  artifactKey: Guid(866a7a4546e5de44f8075792aa48a23f) Importer(815301076,1909f56bfc062723c751e8b465ee728b)
Start importing Assets/Noise/NoiseMap.png using Guid(866a7a4546e5de44f8075792aa48a23f) Importer(815301076,1909f56bfc062723c751e8b465ee728b)  -> (artifact id: '5ee9f9c8912b39822f581f697b0cc9b9') in 0.031014 seconds
  Import took 0.035840 seconds .

========================================================================
Received Prepare
Registering precompiled user dll's ...
Registered in 0.002372 seconds.
Begin MonoManager ReloadAssembly
Native extension for WindowsStandalone target not found
Refreshing native plugins compatible for Editor in 0.24 ms, found 0 plugins.
Preloading 0 native plugins for Editor in 0.00 ms.
Mono: successfully reloaded assembly
- Completed reload, in  1.222 seconds
Platform modules already initialized, skipping
Refreshing native plugins compatible for Editor in 0.23 ms, found 0 plugins.
Preloading 0 native plugins for Editor in 0.00 ms.
Unloading 1113 Unused Serialized files (Serialized files now loaded: 0)
System memory in use before: 57.3 MB.
System memory in use after: 57.4 MB.

Unloading 5 unused Assets to reduce memory usage. Loaded Objects now: 1592.
Total: 2.072200 ms (FindLiveObjects: 0.238500 ms CreateObjectMapping: 0.044700 ms MarkObjects: 1.679600 ms  DeleteObjects: 0.107800 ms)

========================================================================
Received Prepare
Registering precompiled user dll's ...
Registered in 0.000947 seconds.
Begin MonoManager ReloadAssembly
Native extension for WindowsStandalone target not found
Refreshing native plugins compatible for Editor in 0.38 ms, found 0 plugins.
Preloading 0 native plugins for Editor in 0.00 ms.
Mono: successfully reloaded assembly
- Completed reload, in  1.408 seconds
Platform modules already initialized, skipping
Refreshing native plugins compatible for Editor in 0.26 ms, found 0 plugins.
Preloading 0 native plugins for Editor in 0.00 ms.
Unloading 1113 Unused Serialized files (Serialized files now loaded: 0)
System memory in use before: 57.3 MB.
System memory in use after: 57.4 MB.

Unloading 5 unused Assets to reduce memory usage. Loaded Objects now: 1595.
Total: 2.181700 ms (FindLiveObjects: 0.257100 ms CreateObjectMapping: 0.076600 ms MarkObjects: 1.780900 ms  DeleteObjects: 0.065300 ms)

========================================================================
Received Prepare
Registering precompiled user dll's ...
Registered in 0.002612 seconds.
Begin MonoManager ReloadAssembly
Native extension for WindowsStandalone target not found
Refreshing native plugins compatible for Editor in 0.25 ms, found 0 plugins.
Preloading 0 native plugins for Editor in 0.00 ms.
Mono: successfully reloaded assembly
- Completed reload, in  2.761 seconds
Platform modules already initialized, skipping
Refreshing native plugins compatible for Editor in 0.58 ms, found 0 plugins.
Preloading 0 native plugins for Editor in 0.00 ms.
Unloading 1113 Unused Serialized files (Serialized files now loaded: 0)
System memory in use before: 57.3 MB.
System memory in use after: 57.4 MB.

Unloading 5 unused Assets to reduce memory usage. Loaded Objects now: 1598.
Total: 4.429800 ms (FindLiveObjects: 0.870500 ms CreateObjectMapping: 0.666300 ms MarkObjects: 2.833000 ms  DeleteObjects: 0.057600 ms)

========================================================================
Received Prepare
Registering precompiled user dll's ...
Registered in 0.000931 seconds.
Begin MonoManager ReloadAssembly
Native extension for WindowsStandalone target not found
Refreshing native plugins compatible for Editor in 0.69 ms, found 0 plugins.
Preloading 0 native plugins for Editor in 0.00 ms.
Mono: successfully reloaded assembly
- Completed reload, in  1.198 seconds
Platform modules already initialized, skipping
Refreshing native plugins compatible for Editor in 0.23 ms, found 0 plugins.
Preloading 0 native plugins for Editor in 0.00 ms.
Unloading 1113 Unused Serialized files (Serialized files now loaded: 0)
System memory in use before: 57.4 MB.
System memory in use after: 57.4 MB.

Unloading 5 unused Assets to reduce memory usage. Loaded Objects now: 1601.
Total: 1.978700 ms (FindLiveObjects: 0.239300 ms CreateObjectMapping: 0.047000 ms MarkObjects: 1.598300 ms  DeleteObjects: 0.092800 ms)

========================================================================
Received Prepare
Registering precompiled user dll's ...
Registered in 0.287748 seconds.
Begin MonoManager ReloadAssembly
Native extension for WindowsStandalone target not found
Refreshing native plugins compatible for Editor in 1.37 ms, found 0 plugins.
Preloading 0 native plugins for Editor in 0.00 ms.
Mono: successfully reloaded assembly
- Completed reload, in 16.590 seconds
Platform modules already initialized, skipping
Refreshing native plugins compatible for Editor in 0.24 ms, found 0 plugins.
Preloading 0 native plugins for Editor in 0.00 ms.
Unloading 1113 Unused Serialized files (Serialized files now loaded: 0)
System memory in use before: 57.4 MB.
System memory in use after: 57.4 MB.

Unloading 5 unused Assets to reduce memory usage. Loaded Objects now: 1604.
Total: 2.614600 ms (FindLiveObjects: 0.269800 ms CreateObjectMapping: 0.095100 ms MarkObjects: 2.165400 ms  DeleteObjects: 0.081300 ms)

========================================================================
Received Prepare
Registering precompiled user dll's ...
Registered in 0.000952 seconds.
Begin MonoManager ReloadAssembly
Native extension for WindowsStandalone target not found
Refreshing native plugins compatible for Editor in 0.27 ms, found 0 plugins.
Preloading 0 native plugins for Editor in 0.00 ms.
Mono: successfully reloaded assembly
- Completed reload, in  1.290 seconds
Platform modules already initialized, skipping
Refreshing native plugins compatible for Editor in 0.26 ms, found 0 plugins.
Preloading 0 native plugins for Editor in 0.00 ms.
Unloading 1113 Unused Serialized files (Serialized files now loaded: 0)
System memory in use before: 57.4 MB.
System memory in use after: 57.4 MB.

Unloading 5 unused Assets to reduce memory usage. Loaded Objects now: 1607.
Total: 2.161600 ms (FindLiveObjects: 0.205700 ms CreateObjectMapping: 0.048700 ms MarkObjects: 1.817200 ms  DeleteObjects: 0.088600 ms)

========================================================================
Received Prepare
Registering precompiled user dll's ...
Registered in 0.001554 seconds.
Begin MonoManager ReloadAssembly
Native extension for WindowsStandalone target not found
Refreshing native plugins compatible for Editor in 0.74 ms, found 0 plugins.
Preloading 0 native plugins for Editor in 0.00 ms.
Mono: successfully reloaded assembly
- Completed reload, in  3.009 seconds
Platform modules already initialized, skipping
Refreshing native plugins compatible for Editor in 0.61 ms, found 0 plugins.
Preloading 0 native plugins for Editor in 0.00 ms.
Unloading 1113 Unused Serialized files (Serialized files now loaded: 0)
System memory in use before: 57.4 MB.
System memory in use after: 57.4 MB.

Unloading 5 unused Assets to reduce memory usage. Loaded Objects now: 1610.
Total: 4.956900 ms (FindLiveObjects: 0.603200 ms CreateObjectMapping: 0.585700 ms MarkObjects: 3.538400 ms  DeleteObjects: 0.222300 ms)

========================================================================
Received Prepare
Registering precompiled user dll's ...
Registered in 0.000897 seconds.
Begin MonoManager ReloadAssembly
Native extension for WindowsStandalone target not found
Refreshing native plugins compatible for Editor in 0.23 ms, found 0 plugins.
Preloading 0 native plugins for Editor in 0.00 ms.
Mono: successfully reloaded assembly
- Completed reload, in  1.183 seconds
Platform modules already initialized, skipping
Refreshing native plugins compatible for Editor in 0.23 ms, found 0 plugins.
Preloading 0 native plugins for Editor in 0.00 ms.
Unloading 1113 Unused Serialized files (Serialized files now loaded: 0)
System memory in use before: 57.4 MB.
System memory in use after: 57.4 MB.

Unloading 5 unused Assets to reduce memory usage. Loaded Objects now: 1613.
Total: 2.108200 ms (FindLiveObjects: 0.208700 ms CreateObjectMapping: 0.061100 ms MarkObjects: 1.771800 ms  DeleteObjects: 0.064600 ms)

========================================================================
Received Prepare
Registering precompiled user dll's ...
Registered in 0.001347 seconds.
Begin MonoManager ReloadAssembly
Native extension for WindowsStandalone target not found
Refreshing native plugins compatible for Editor in 0.25 ms, found 0 plugins.
Preloading 0 native plugins for Editor in 0.00 ms.
Mono: successfully reloaded assembly
- Completed reload, in  1.131 seconds
Platform modules already initialized, skipping
Refreshing native plugins compatible for Editor in 0.38 ms, found 0 plugins.
Preloading 0 native plugins for Editor in 0.00 ms.
Unloading 1113 Unused Serialized files (Serialized files now loaded: 0)
System memory in use before: 57.4 MB.
System memory in use after: 57.5 MB.

Unloading 5 unused Assets to reduce memory usage. Loaded Objects now: 1616.
Total: 2.935000 ms (FindLiveObjects: 0.238400 ms CreateObjectMapping: 0.070700 ms MarkObjects: 2.534300 ms  DeleteObjects: 0.089300 ms)

========================================================================
Received Prepare
Registering precompiled user dll's ...
Registered in 0.001260 seconds.
Begin MonoManager ReloadAssembly
Native extension for WindowsStandalone target not found
Refreshing native plugins compatible for Editor in 0.23 ms, found 0 plugins.
Preloading 0 native plugins for Editor in 0.00 ms.
Mono: successfully reloaded assembly
- Completed reload, in  1.250 seconds
Platform modules already initialized, skipping
Refreshing native plugins compatible for Editor in 0.37 ms, found 0 plugins.
Preloading 0 native plugins for Editor in 0.00 ms.
Unloading 1113 Unused Serialized files (Serialized files now loaded: 0)
System memory in use before: 57.4 MB.
System memory in use after: 57.5 MB.

Unloading 5 unused Assets to reduce memory usage. Loaded Objects now: 1619.
Total: 3.850900 ms (FindLiveObjects: 0.682800 ms CreateObjectMapping: 0.103300 ms MarkObjects: 2.979500 ms  DeleteObjects: 0.082600 ms)

========================================================================
Received Prepare
Registering precompiled user dll's ...
Registered in 0.005593 seconds.
Begin MonoManager ReloadAssembly
Native extension for WindowsStandalone target not found
Refreshing native plugins compatible for Editor in 0.30 ms, found 0 plugins.
Preloading 0 native plugins for Editor in 0.00 ms.
Mono: successfully reloaded assembly
- Completed reload, in  2.494 seconds
Platform modules already initialized, skipping
Refreshing native plugins compatible for Editor in 0.65 ms, found 0 plugins.
Preloading 0 native plugins for Editor in 0.00 ms.
Unloading 1113 Unused Serialized files (Serialized files now loaded: 0)
System memory in use before: 57.4 MB.
System memory in use after: 57.5 MB.

Unloading 5 unused Assets to reduce memory usage. Loaded Objects now: 1622.
Total: 3.748700 ms (FindLiveObjects: 0.303500 ms CreateObjectMapping: 0.094700 ms MarkObjects: 3.181600 ms  DeleteObjects: 0.166200 ms)

========================================================================
Received Prepare
Registering precompiled user dll's ...
Registered in 0.000920 seconds.
Begin MonoManager ReloadAssembly
Native extension for WindowsStandalone target not found
Refreshing native plugins compatible for Editor in 0.54 ms, found 0 plugins.
Preloading 0 native plugins for Editor in 0.00 ms.
Mono: successfully reloaded assembly
- Completed reload, in  1.665 seconds
Platform modules already initialized, skipping
Refreshing native plugins compatible for Editor in 0.28 ms, found 0 plugins.
Preloading 0 native plugins for Editor in 0.00 ms.
Unloading 1113 Unused Serialized files (Serialized files now loaded: 0)
System memory in use before: 57.4 MB.
System memory in use after: 57.5 MB.

Unloading 5 unused Assets to reduce memory usage. Loaded Objects now: 1625.
Total: 3.550500 ms (FindLiveObjects: 0.254400 ms CreateObjectMapping: 0.081500 ms MarkObjects: 3.109600 ms  DeleteObjects: 0.101600 ms)

========================================================================
Received Import Request.
  Time since last request: 3397.743098 seconds.
  path: Assets/Materials
  artifactKey: Guid(c840eceb9dea3cd41af212f6493401c6) Importer(815301076,1909f56bfc062723c751e8b465ee728b)
Start importing Assets/Materials using Guid(c840eceb9dea3cd41af212f6493401c6) Importer(815301076,1909f56bfc062723c751e8b465ee728b)  -> (artifact id: 'e6228f4d8a2ed367e310c4cc68887110') in 0.042674 seconds
  Import took 0.047769 seconds .

========================================================================
Received Import Request.
  Time since last request: 0.001929 seconds.
  path: Assets/Materials
  artifactKey: Guid(c840eceb9dea3cd41af212f6493401c6) Importer(815301076,1909f56bfc062723c751e8b465ee728b)
Start importing Assets/Materials using Guid(c840eceb9dea3cd41af212f6493401c6) Importer(815301076,1909f56bfc062723c751e8b465ee728b)  -> (artifact id: 'e6228f4d8a2ed367e310c4cc68887110') in 0.016510 seconds
  Import took 0.019587 seconds .

========================================================================
Received Import Request.
  Time since last request: 1215.528418 seconds.
  path: Assets/Materials/New Material.mat
  artifactKey: Guid(66f1f9829c1c95048b282708f542a47a) Importer(815301076,1909f56bfc062723c751e8b465ee728b)
Start importing Assets/Materials/New Material.mat using Guid(66f1f9829c1c95048b282708f542a47a) Importer(815301076,1909f56bfc062723c751e8b465ee728b)  -> (artifact id: '67d501907831f154e758f875475da62e') in 0.190640 seconds
  Import took 0.194723 seconds .

========================================================================
Received Import Request.
  Time since last request: 79.879897 seconds.
  path: Assets/Imports/ColorMap.png
  artifactKey: Guid(1cd64e0e82ba9f445b34065110048755) Importer(815301076,1909f56bfc062723c751e8b465ee728b)
Start importing Assets/Imports/ColorMap.png using Guid(1cd64e0e82ba9f445b34065110048755) Importer(815301076,1909f56bfc062723c751e8b465ee728b)  -> (artifact id: '7a475e82f9af7d729188e2d1cd494072') in 0.056119 seconds
  Import took 0.059986 seconds .

========================================================================
Received Import Request.
  Time since last request: 0.016120 seconds.
  path: Assets/Imports/ColorMap.png
  artifactKey: Guid(1cd64e0e82ba9f445b34065110048755) Importer(815301076,1909f56bfc062723c751e8b465ee728b)
Start importing Assets/Imports/ColorMap.png using Guid(1cd64e0e82ba9f445b34065110048755) Importer(815301076,1909f56bfc062723c751e8b465ee728b)  -> (artifact id: '7a475e82f9af7d729188e2d1cd494072') in 0.041153 seconds
  Import took 0.044821 seconds .

========================================================================
Received Prepare
Registering precompiled user dll's ...
Registered in 0.001194 seconds.
Begin MonoManager ReloadAssembly
Native extension for WindowsStandalone target not found
Refreshing native plugins compatible for Editor in 0.39 ms, found 0 plugins.
Preloading 0 native plugins for Editor in 0.00 ms.
Mono: successfully reloaded assembly
- Completed reload, in  1.049 seconds
Platform modules already initialized, skipping
Refreshing native plugins compatible for Editor in 0.23 ms, found 0 plugins.
Preloading 0 native plugins for Editor in 0.00 ms.
Unloading 1113 Unused Serialized files (Serialized files now loaded: 0)
System memory in use before: 60.7 MB.
System memory in use after: 60.8 MB.

Unloading 5 unused Assets to reduce memory usage. Loaded Objects now: 1667.
Total: 2.580300 ms (FindLiveObjects: 0.173800 ms CreateObjectMapping: 0.050000 ms MarkObjects: 2.265600 ms  DeleteObjects: 0.088700 ms)

========================================================================
Received Import Request.
  Time since last request: 84.551997 seconds.
  path: Assets/Imports/ColorMap.png
  artifactKey: Guid(1cd64e0e82ba9f445b34065110048755) Importer(815301076,1909f56bfc062723c751e8b465ee728b)
Start importing Assets/Imports/ColorMap.png using Guid(1cd64e0e82ba9f445b34065110048755) Importer(815301076,1909f56bfc062723c751e8b465ee728b)  -> (artifact id: '0ef114b3c3ea584b942248ca28685e27') in 0.055582 seconds
  Import took 0.058211 seconds .

========================================================================
Received Prepare
Registering precompiled user dll's ...
Registered in 0.001049 seconds.
Begin MonoManager ReloadAssembly
Native extension for WindowsStandalone target not found
Refreshing native plugins compatible for Editor in 0.25 ms, found 0 plugins.
Preloading 0 native plugins for Editor in 0.00 ms.
Mono: successfully reloaded assembly
- Completed reload, in  1.048 seconds
Platform modules already initialized, skipping
Refreshing native plugins compatible for Editor in 0.24 ms, found 0 plugins.
Preloading 0 native plugins for Editor in 0.00 ms.
Unloading 1113 Unused Serialized files (Serialized files now loaded: 0)
System memory in use before: 60.7 MB.
System memory in use after: 60.8 MB.

Unloading 5 unused Assets to reduce memory usage. Loaded Objects now: 1670.
Total: 2.230000 ms (FindLiveObjects: 0.201700 ms CreateObjectMapping: 0.047200 ms MarkObjects: 1.884400 ms  DeleteObjects: 0.094800 ms)

========================================================================
Received Prepare
Registering precompiled user dll's ...
Registered in 0.001208 seconds.
Begin MonoManager ReloadAssembly
Native extension for WindowsStandalone target not found
Refreshing native plugins compatible for Editor in 0.71 ms, found 0 plugins.
Preloading 0 native plugins for Editor in 0.00 ms.
Mono: successfully reloaded assembly
- Completed reload, in  1.807 seconds
Platform modules already initialized, skipping
Refreshing native plugins compatible for Editor in 0.81 ms, found 0 plugins.
Preloading 0 native plugins for Editor in 0.00 ms.
Unloading 1113 Unused Serialized files (Serialized files now loaded: 0)
System memory in use before: 60.7 MB.
System memory in use after: 60.8 MB.

Unloading 5 unused Assets to reduce memory usage. Loaded Objects now: 1673.
Total: 6.270900 ms (FindLiveObjects: 0.678600 ms CreateObjectMapping: 0.284400 ms MarkObjects: 5.078400 ms  DeleteObjects: 0.222500 ms)

========================================================================
Received Import Request.
  Time since last request: 214.280589 seconds.
  path: Assets/Imports/ColorMap.png
  artifactKey: Guid(1cd64e0e82ba9f445b34065110048755) Importer(815301076,1909f56bfc062723c751e8b465ee728b)
Start importing Assets/Imports/ColorMap.png using Guid(1cd64e0e82ba9f445b34065110048755) Importer(815301076,1909f56bfc062723c751e8b465ee728b)  -> (artifact id: 'e427d2fce8fd9b5c57afa101511958ce') in 0.195365 seconds
  Import took 0.204395 seconds .

========================================================================
Received Import Request.
  Time since last request: 47.361651 seconds.
  path: Assets/Imports/ColorMap.png
  artifactKey: Guid(1cd64e0e82ba9f445b34065110048755) Importer(815301076,1909f56bfc062723c751e8b465ee728b)
Start importing Assets/Imports/ColorMap.png using Guid(1cd64e0e82ba9f445b34065110048755) Importer(815301076,1909f56bfc062723c751e8b465ee728b)  -> (artifact id: '4ca30d93f83e82f4d8bd55d798eae2bb') in 0.046277 seconds
  Import took 0.050161 seconds .

========================================================================
Received Prepare
Registering precompiled user dll's ...
Registered in 0.001461 seconds.
Begin MonoManager ReloadAssembly
Native extension for WindowsStandalone target not found
Refreshing native plugins compatible for Editor in 0.28 ms, found 0 plugins.
Preloading 0 native plugins for Editor in 0.00 ms.
Mono: successfully reloaded assembly
- Completed reload, in  1.734 seconds
Platform modules already initialized, skipping
Refreshing native plugins compatible for Editor in 0.30 ms, found 0 plugins.
Preloading 0 native plugins for Editor in 0.00 ms.
Unloading 1113 Unused Serialized files (Serialized files now loaded: 0)
System memory in use before: 60.7 MB.
System memory in use after: 60.8 MB.

Unloading 5 unused Assets to reduce memory usage. Loaded Objects now: 1677.
Total: 6.728400 ms (FindLiveObjects: 0.596400 ms CreateObjectMapping: 0.390000 ms MarkObjects: 5.664300 ms  DeleteObjects: 0.075200 ms)

========================================================================
Received Import Request.
  Time since last request: 9.562483 seconds.
  path: Assets/Imports/NoiseMap.png
  artifactKey: Guid(866a7a4546e5de44f8075792aa48a23f) Importer(815301076,1909f56bfc062723c751e8b465ee728b)
Start importing Assets/Imports/NoiseMap.png using Guid(866a7a4546e5de44f8075792aa48a23f) Importer(815301076,1909f56bfc062723c751e8b465ee728b)  -> (artifact id: '2ce7e42cf7cad1b77f373a87a832fece') in 0.152473 seconds
  Import took 0.162573 seconds .

========================================================================
Received Import Request.
  Time since last request: 235.728798 seconds.
  path: Assets/Imports/Materials
  artifactKey: Guid(5bfdc7ebf435f804cb9460b88a60c3e9) Importer(815301076,1909f56bfc062723c751e8b465ee728b)
Start importing Assets/Imports/Materials using Guid(5bfdc7ebf435f804cb9460b88a60c3e9) Importer(815301076,1909f56bfc062723c751e8b465ee728b)  -> (artifact id: 'b6fbe18bd61b8fa5d6d34e7ba0f033f9') in 0.020285 seconds
  Import took 0.024403 seconds .

========================================================================
Received Import Request.
  Time since last request: 574.361613 seconds.
  path: Assets/Imports/checkerboard.png
  artifactKey: Guid(5f2c216fce229c14aad5041aed8d1120) Importer(815301076,1909f56bfc062723c751e8b465ee728b)
Start importing Assets/Imports/checkerboard.png using Guid(5f2c216fce229c14aad5041aed8d1120) Importer(815301076,1909f56bfc062723c751e8b465ee728b)  -> (artifact id: 'fabcbe15b5ce7df2c2d3d3381bf58bcd') in 0.069553 seconds
  Import took 0.075372 seconds .

========================================================================
Received Import Request.
  Time since last request: 41.711239 seconds.
  path: Assets/Imports/checkerboard.png
  artifactKey: Guid(5f2c216fce229c14aad5041aed8d1120) Importer(815301076,1909f56bfc062723c751e8b465ee728b)
Start importing Assets/Imports/checkerboard.png using Guid(5f2c216fce229c14aad5041aed8d1120) Importer(815301076,1909f56bfc062723c751e8b465ee728b)  -> (artifact id: 'ac6dfecf03481cf263b551aaa50a5f5d') in 0.035537 seconds
  Import took 0.039115 seconds .

========================================================================
Received Prepare
Registering precompiled user dll's ...
Registered in 0.003145 seconds.
Begin MonoManager ReloadAssembly
Native extension for WindowsStandalone target not found
Refreshing native plugins compatible for Editor in 1.80 ms, found 0 plugins.
Preloading 0 native plugins for Editor in 0.00 ms.
Mono: successfully reloaded assembly
- Completed reload, in  2.593 seconds
Platform modules already initialized, skipping
Refreshing native plugins compatible for Editor in 0.62 ms, found 0 plugins.
Preloading 0 native plugins for Editor in 0.00 ms.
Unloading 1113 Unused Serialized files (Serialized files now loaded: 0)
System memory in use before: 60.8 MB.
System memory in use after: 60.8 MB.

Unloading 5 unused Assets to reduce memory usage. Loaded Objects now: 1680.
Total: 3.853800 ms (FindLiveObjects: 0.538100 ms CreateObjectMapping: 0.197800 ms MarkObjects: 2.968100 ms  DeleteObjects: 0.145200 ms)

========================================================================
Received Import Request.
  Time since last request: 886.271787 seconds.
  path: Assets/Imports/ColorMap 1.png
  artifactKey: Guid(6399f3b684bc7c74a9051d54d08853fe) Importer(815301076,1909f56bfc062723c751e8b465ee728b)
Start importing Assets/Imports/ColorMap 1.png using Guid(6399f3b684bc7c74a9051d54d08853fe) Importer(815301076,1909f56bfc062723c751e8b465ee728b)  -> (artifact id: '23ad67ffa9732818367a03c7dfa94e6c') in 0.142345 seconds
  Import took 0.149711 seconds .

========================================================================
Received Import Request.
  Time since last request: 15.032734 seconds.
  path: Assets/Imports/ColorMap.png
  artifactKey: Guid(6399f3b684bc7c74a9051d54d08853fe) Importer(815301076,1909f56bfc062723c751e8b465ee728b)
Start importing Assets/Imports/ColorMap.png using Guid(6399f3b684bc7c74a9051d54d08853fe) Importer(815301076,1909f56bfc062723c751e8b465ee728b)  -> (artifact id: '0eb4d8869a72ee4953f1276226361fe4') in 0.041390 seconds
  Import took 0.045249 seconds .

========================================================================
Received Import Request.
  Time since last request: 0.001555 seconds.
  path: Assets/Imports/ColorMap.png
  artifactKey: Guid(6399f3b684bc7c74a9051d54d08853fe) Importer(815301076,1909f56bfc062723c751e8b465ee728b)
Start importing Assets/Imports/ColorMap.png using Guid(6399f3b684bc7c74a9051d54d08853fe) Importer(815301076,1909f56bfc062723c751e8b465ee728b)  -> (artifact id: '0eb4d8869a72ee4953f1276226361fe4') in 0.040870 seconds
  Import took 0.045103 seconds .

========================================================================
Received Import Request.
  Time since last request: 30.009036 seconds.
  path: Assets/Imports/ColorMap.png
  artifactKey: Guid(6399f3b684bc7c74a9051d54d08853fe) Importer(815301076,1909f56bfc062723c751e8b465ee728b)
Start importing Assets/Imports/ColorMap.png using Guid(6399f3b684bc7c74a9051d54d08853fe) Importer(815301076,1909f56bfc062723c751e8b465ee728b)  -> (artifact id: 'e7d7f27a3c498ef93124f1c4c74830fc') in 0.070545 seconds
  Import took 0.076964 seconds .

========================================================================
Received Prepare
Registering precompiled user dll's ...
Registered in 0.001504 seconds.
Begin MonoManager ReloadAssembly
Native extension for WindowsStandalone target not found
Refreshing native plugins compatible for Editor in 0.26 ms, found 0 plugins.
Preloading 0 native plugins for Editor in 0.00 ms.
Mono: successfully reloaded assembly
- Completed reload, in  1.054 seconds
Platform modules already initialized, skipping
Refreshing native plugins compatible for Editor in 0.23 ms, found 0 plugins.
Preloading 0 native plugins for Editor in 0.00 ms.
Unloading 1113 Unused Serialized files (Serialized files now loaded: 0)
System memory in use before: 60.8 MB.
System memory in use after: 60.8 MB.

Unloading 5 unused Assets to reduce memory usage. Loaded Objects now: 1683.
Total: 2.724800 ms (FindLiveObjects: 0.257200 ms CreateObjectMapping: 0.039400 ms MarkObjects: 2.331400 ms  DeleteObjects: 0.094300 ms)

========================================================================
Received Import Request.
  Time since last request: 114.984158 seconds.
  path: Assets/Materials/Terrain Chunk Mesh Material.mat
  artifactKey: Guid(66f1f9829c1c95048b282708f542a47a) Importer(815301076,1909f56bfc062723c751e8b465ee728b)
Start importing Assets/Materials/Terrain Chunk Mesh Material.mat using Guid(66f1f9829c1c95048b282708f542a47a) Importer(815301076,1909f56bfc062723c751e8b465ee728b)  -> (artifact id: '0b6b554b5f188828edf8200a77693e53') in 0.142807 seconds
  Import took 0.146708 seconds .

========================================================================
Received Import Request.
  Time since last request: 0.000879 seconds.
  path: Assets/Materials/Terrain Chunk Mesh Material.mat
  artifactKey: Guid(66f1f9829c1c95048b282708f542a47a) Importer(815301076,1909f56bfc062723c751e8b465ee728b)
Start importing Assets/Materials/Terrain Chunk Mesh Material.mat using Guid(66f1f9829c1c95048b282708f542a47a) Importer(815301076,1909f56bfc062723c751e8b465ee728b)  -> (artifact id: '0b6b554b5f188828edf8200a77693e53') in 0.036038 seconds
  Import took 0.040200 seconds .

========================================================================
Received Prepare
Registering precompiled user dll's ...
Registered in 0.002215 seconds.
Begin MonoManager ReloadAssembly
Native extension for WindowsStandalone target not found
Refreshing native plugins compatible for Editor in 0.44 ms, found 0 plugins.
Preloading 0 native plugins for Editor in 0.00 ms.
Mono: successfully reloaded assembly
- Completed reload, in  2.675 seconds
Platform modules already initialized, skipping
Refreshing native plugins compatible for Editor in 0.65 ms, found 0 plugins.
Preloading 0 native plugins for Editor in 0.00 ms.
Unloading 1113 Unused Serialized files (Serialized files now loaded: 0)
System memory in use before: 60.8 MB.
System memory in use after: 60.9 MB.

Unloading 5 unused Assets to reduce memory usage. Loaded Objects now: 1688.
Total: 6.379400 ms (FindLiveObjects: 0.774800 ms CreateObjectMapping: 0.311300 ms MarkObjects: 5.196500 ms  DeleteObjects: 0.093300 ms)

========================================================================
Received Import Request.
  Time since last request: 188.838645 seconds.
  path: Assets/Scripts/TerrainChunk.cs
  artifactKey: Guid(40a240f2b99063946b09dc3c9fe807c8) Importer(815301076,1909f56bfc062723c751e8b465ee728b)
Start importing Assets/Scripts/TerrainChunk.cs using Guid(40a240f2b99063946b09dc3c9fe807c8) Importer(815301076,1909f56bfc062723c751e8b465ee728b)  -> (artifact id: '8eba79763eef1ea38e36d2f2f5d99f75') in 0.016225 seconds
  Import took 0.020331 seconds .

========================================================================
Received Import Request.
  Time since last request: 0.045478 seconds.
  path: Assets/Scripts/TerrainChunk.cs
  artifactKey: Guid(40a240f2b99063946b09dc3c9fe807c8) Importer(815301076,1909f56bfc062723c751e8b465ee728b)
Start importing Assets/Scripts/TerrainChunk.cs using Guid(40a240f2b99063946b09dc3c9fe807c8) Importer(815301076,1909f56bfc062723c751e8b465ee728b)  -> (artifact id: '8eba79763eef1ea38e36d2f2f5d99f75') in 0.013731 seconds
  Import took 0.016918 seconds .

========================================================================
Received Prepare
Registering precompiled user dll's ...
Registered in 0.000938 seconds.
Begin MonoManager ReloadAssembly
Native extension for WindowsStandalone target not found
Refreshing native plugins compatible for Editor in 0.25 ms, found 0 plugins.
Preloading 0 native plugins for Editor in 0.00 ms.
Mono: successfully reloaded assembly
- Completed reload, in  1.165 seconds
Platform modules already initialized, skipping
Refreshing native plugins compatible for Editor in 0.28 ms, found 0 plugins.
Preloading 0 native plugins for Editor in 0.00 ms.
Unloading 1113 Unused Serialized files (Serialized files now loaded: 0)
System memory in use before: 60.8 MB.
System memory in use after: 60.9 MB.

Unloading 5 unused Assets to reduce memory usage. Loaded Objects now: 1691.
Total: 2.794400 ms (FindLiveObjects: 0.305300 ms CreateObjectMapping: 0.094000 ms MarkObjects: 2.328800 ms  DeleteObjects: 0.064200 ms)

========================================================================
Received Import Request.
  Time since last request: 141.822552 seconds.
  path: Assets/Scripts/TerrainChunk.cs
  artifactKey: Guid(40a240f2b99063946b09dc3c9fe807c8) Importer(815301076,1909f56bfc062723c751e8b465ee728b)
Start importing Assets/Scripts/TerrainChunk.cs using Guid(40a240f2b99063946b09dc3c9fe807c8) Importer(815301076,1909f56bfc062723c751e8b465ee728b)  -> (artifact id: 'd777b102291702741c88a9589b6ff3e8') in 0.008417 seconds
  Import took 0.010941 seconds .

========================================================================
Received Import Request.
  Time since last request: 22.041592 seconds.
  path: Assets/Scripts/TriangleHighlighter.cs
  artifactKey: Guid(44c1b720398c7674986493d25f03237b) Importer(815301076,1909f56bfc062723c751e8b465ee728b)
Start importing Assets/Scripts/TriangleHighlighter.cs using Guid(44c1b720398c7674986493d25f03237b) Importer(815301076,1909f56bfc062723c751e8b465ee728b)  -> (artifact id: '11b729771e046b32f79749132aa916f3') in 0.050974 seconds
  Import took 0.054195 seconds .

========================================================================
Received Prepare
Registering precompiled user dll's ...
Registered in 0.001347 seconds.
Begin MonoManager ReloadAssembly
Native extension for WindowsStandalone target not found
Refreshing native plugins compatible for Editor in 0.41 ms, found 0 plugins.
Preloading 0 native plugins for Editor in 0.00 ms.
Mono: successfully reloaded assembly
- Completed reload, in  1.244 seconds
Platform modules already initialized, skipping
Refreshing native plugins compatible for Editor in 0.26 ms, found 0 plugins.
Preloading 0 native plugins for Editor in 0.00 ms.
Unloading 1114 Unused Serialized files (Serialized files now loaded: 0)
System memory in use before: 60.8 MB.
System memory in use after: 60.9 MB.

Unloading 5 unused Assets to reduce memory usage. Loaded Objects now: 1695.
Total: 2.276400 ms (FindLiveObjects: 0.222900 ms CreateObjectMapping: 0.046200 ms MarkObjects: 1.915300 ms  DeleteObjects: 0.090200 ms)

========================================================================
Received Prepare
Registering precompiled user dll's ...
Registered in 0.001355 seconds.
Begin MonoManager ReloadAssembly
Native extension for WindowsStandalone target not found
Refreshing native plugins compatible for Editor in 0.26 ms, found 0 plugins.
Preloading 0 native plugins for Editor in 0.00 ms.
Mono: successfully reloaded assembly
- Completed reload, in  1.494 seconds
Platform modules already initialized, skipping
Refreshing native plugins compatible for Editor in 0.33 ms, found 0 plugins.
Preloading 0 native plugins for Editor in 0.00 ms.
Unloading 1114 Unused Serialized files (Serialized files now loaded: 0)
System memory in use before: 60.8 MB.
System memory in use after: 60.9 MB.

Unloading 5 unused Assets to reduce memory usage. Loaded Objects now: 1698.
Total: 2.041100 ms (FindLiveObjects: 0.172000 ms CreateObjectMapping: 0.047200 ms MarkObjects: 1.726800 ms  DeleteObjects: 0.076000 ms)

========================================================================
Received Import Request.
  Time since last request: 47.736494 seconds.
  path: Assets/Scripts/TriangleHighlighter.cs
  artifactKey: Guid(44c1b720398c7674986493d25f03237b) Importer(815301076,1909f56bfc062723c751e8b465ee728b)
Start importing Assets/Scripts/TriangleHighlighter.cs using Guid(44c1b720398c7674986493d25f03237b) Importer(815301076,1909f56bfc062723c751e8b465ee728b)  -> (artifact id: '52c7d31f89ba92e37da5699a399b98b6') in 0.008435 seconds
  Import took 0.011641 seconds .

========================================================================
Received Prepare
Registering precompiled user dll's ...
Registered in 0.000920 seconds.
Begin MonoManager ReloadAssembly
Native extension for WindowsStandalone target not found
Refreshing native plugins compatible for Editor in 0.29 ms, found 0 plugins.
Preloading 0 native plugins for Editor in 0.00 ms.
Mono: successfully reloaded assembly
- Completed reload, in  1.246 seconds
Platform modules already initialized, skipping
Refreshing native plugins compatible for Editor in 0.37 ms, found 0 plugins.
Preloading 0 native plugins for Editor in 0.00 ms.
Unloading 1114 Unused Serialized files (Serialized files now loaded: 0)
System memory in use before: 60.9 MB.
System memory in use after: 60.9 MB.

Unloading 5 unused Assets to reduce memory usage. Loaded Objects now: 1701.
Total: 4.119600 ms (FindLiveObjects: 0.820700 ms CreateObjectMapping: 0.108600 ms MarkObjects: 3.110900 ms  DeleteObjects: 0.075600 ms)

========================================================================
Received Prepare
Registering precompiled user dll's ...
Registered in 0.001013 seconds.
Begin MonoManager ReloadAssembly
Native extension for WindowsStandalone target not found
Refreshing native plugins compatible for Editor in 0.24 ms, found 0 plugins.
Preloading 0 native plugins for Editor in 0.00 ms.
Mono: successfully reloaded assembly
- Completed reload, in  1.127 seconds
Platform modules already initialized, skipping
Refreshing native plugins compatible for Editor in 1.65 ms, found 0 plugins.
Preloading 0 native plugins for Editor in 0.00 ms.
Unloading 1114 Unused Serialized files (Serialized files now loaded: 0)
System memory in use before: 60.9 MB.
System memory in use after: 60.9 MB.

Unloading 5 unused Assets to reduce memory usage. Loaded Objects now: 1704.
Total: 2.833600 ms (FindLiveObjects: 0.188500 ms CreateObjectMapping: 0.052800 ms MarkObjects: 2.519100 ms  DeleteObjects: 0.070600 ms)

========================================================================
Received Prepare
Registering precompiled user dll's ...
Registered in 0.000931 seconds.
Begin MonoManager ReloadAssembly
Native extension for WindowsStandalone target not found
Refreshing native plugins compatible for Editor in 0.26 ms, found 0 plugins.
Preloading 0 native plugins for Editor in 0.00 ms.
Mono: successfully reloaded assembly
- Completed reload, in  1.248 seconds
Platform modules already initialized, skipping
Refreshing native plugins compatible for Editor in 0.25 ms, found 0 plugins.
Preloading 0 native plugins for Editor in 0.00 ms.
Unloading 1114 Unused Serialized files (Serialized files now loaded: 0)
System memory in use before: 60.9 MB.
System memory in use after: 61.0 MB.

Unloading 5 unused Assets to reduce memory usage. Loaded Objects now: 1707.
Total: 2.366300 ms (FindLiveObjects: 0.229500 ms CreateObjectMapping: 0.050200 ms MarkObjects: 1.980100 ms  DeleteObjects: 0.093400 ms)

========================================================================
Received Prepare
Registering precompiled user dll's ...
Registered in 0.001817 seconds.
Begin MonoManager ReloadAssembly
Native extension for WindowsStandalone target not found
Refreshing native plugins compatible for Editor in 0.90 ms, found 0 plugins.
Preloading 0 native plugins for Editor in 0.00 ms.
Mono: successfully reloaded assembly
- Completed reload, in  2.370 seconds
Platform modules already initialized, skipping
Refreshing native plugins compatible for Editor in 0.25 ms, found 0 plugins.
Preloading 0 native plugins for Editor in 0.00 ms.
Unloading 1114 Unused Serialized files (Serialized files now loaded: 0)
System memory in use before: 60.9 MB.
System memory in use after: 61.0 MB.

Unloading 5 unused Assets to reduce memory usage. Loaded Objects now: 1710.
Total: 2.455600 ms (FindLiveObjects: 0.247700 ms CreateObjectMapping: 0.070400 ms MarkObjects: 2.057500 ms  DeleteObjects: 0.077800 ms)

========================================================================
Received Prepare
Registering precompiled user dll's ...
Registered in 0.001395 seconds.
Begin MonoManager ReloadAssembly
Native extension for WindowsStandalone target not found
Refreshing native plugins compatible for Editor in 0.29 ms, found 0 plugins.
Preloading 0 native plugins for Editor in 0.00 ms.
Mono: successfully reloaded assembly
- Completed reload, in  1.217 seconds
Platform modules already initialized, skipping
Refreshing native plugins compatible for Editor in 0.26 ms, found 0 plugins.
Preloading 0 native plugins for Editor in 0.00 ms.
Unloading 1114 Unused Serialized files (Serialized files now loaded: 0)
System memory in use before: 60.9 MB.
System memory in use after: 61.0 MB.

Unloading 5 unused Assets to reduce memory usage. Loaded Objects now: 1713.
Total: 2.648800 ms (FindLiveObjects: 0.229800 ms CreateObjectMapping: 0.115100 ms MarkObjects: 2.222200 ms  DeleteObjects: 0.079500 ms)

========================================================================
Received Prepare
Registering precompiled user dll's ...
Registered in 0.001345 seconds.
Begin MonoManager ReloadAssembly
Native extension for WindowsStandalone target not found
Refreshing native plugins compatible for Editor in 0.36 ms, found 0 plugins.
Preloading 0 native plugins for Editor in 0.00 ms.
Mono: successfully reloaded assembly
- Completed reload, in  1.223 seconds
Platform modules already initialized, skipping
Refreshing native plugins compatible for Editor in 0.23 ms, found 0 plugins.
Preloading 0 native plugins for Editor in 0.00 ms.
Unloading 1114 Unused Serialized files (Serialized files now loaded: 0)
System memory in use before: 60.9 MB.
System memory in use after: 61.0 MB.

Unloading 5 unused Assets to reduce memory usage. Loaded Objects now: 1716.
Total: 2.266000 ms (FindLiveObjects: 0.214000 ms CreateObjectMapping: 0.053900 ms MarkObjects: 1.934400 ms  DeleteObjects: 0.061100 ms)

========================================================================
Received Prepare
Registering precompiled user dll's ...
Registered in 0.001739 seconds.
Begin MonoManager ReloadAssembly
Native extension for WindowsStandalone target not found
Refreshing native plugins compatible for Editor in 0.25 ms, found 0 plugins.
Preloading 0 native plugins for Editor in 0.00 ms.
Mono: successfully reloaded assembly
- Completed reload, in  1.322 seconds
Platform modules already initialized, skipping
Refreshing native plugins compatible for Editor in 1.75 ms, found 0 plugins.
Preloading 0 native plugins for Editor in 0.00 ms.
Unloading 1114 Unused Serialized files (Serialized files now loaded: 0)
System memory in use before: 60.9 MB.
System memory in use after: 61.0 MB.

Unloading 5 unused Assets to reduce memory usage. Loaded Objects now: 1719.
Total: 2.323300 ms (FindLiveObjects: 0.307200 ms CreateObjectMapping: 0.080700 ms MarkObjects: 1.866700 ms  DeleteObjects: 0.066900 ms)

========================================================================
Received Prepare
Registering precompiled user dll's ...
Registered in 0.001183 seconds.
Begin MonoManager ReloadAssembly
Native extension for WindowsStandalone target not found
Refreshing native plugins compatible for Editor in 0.39 ms, found 0 plugins.
Preloading 0 native plugins for Editor in 0.00 ms.
Mono: successfully reloaded assembly
- Completed reload, in  1.215 seconds
Platform modules already initialized, skipping
Refreshing native plugins compatible for Editor in 0.26 ms, found 0 plugins.
Preloading 0 native plugins for Editor in 0.00 ms.
Unloading 1114 Unused Serialized files (Serialized files now loaded: 0)
System memory in use before: 60.9 MB.
System memory in use after: 61.0 MB.

Unloading 5 unused Assets to reduce memory usage. Loaded Objects now: 1722.
Total: 2.312300 ms (FindLiveObjects: 0.186200 ms CreateObjectMapping: 0.046500 ms MarkObjects: 2.000400 ms  DeleteObjects: 0.077000 ms)

========================================================================
Received Prepare
Registering precompiled user dll's ...
Registered in 0.003623 seconds.
Begin MonoManager ReloadAssembly
Native extension for WindowsStandalone target not found
Refreshing native plugins compatible for Editor in 0.24 ms, found 0 plugins.
Preloading 0 native plugins for Editor in 0.00 ms.
Mono: successfully reloaded assembly
- Completed reload, in  1.416 seconds
Platform modules already initialized, skipping
Refreshing native plugins compatible for Editor in 0.25 ms, found 0 plugins.
Preloading 0 native plugins for Editor in 0.00 ms.
Unloading 1114 Unused Serialized files (Serialized files now loaded: 0)
System memory in use before: 60.9 MB.
System memory in use after: 61.0 MB.

Unloading 5 unused Assets to reduce memory usage. Loaded Objects now: 1725.
Total: 2.155100 ms (FindLiveObjects: 0.196700 ms CreateObjectMapping: 0.049900 ms MarkObjects: 1.807500 ms  DeleteObjects: 0.098800 ms)

========================================================================
Received Prepare
Registering precompiled user dll's ...
Registered in 0.000896 seconds.
Begin MonoManager ReloadAssembly
Native extension for WindowsStandalone target not found
Refreshing native plugins compatible for Editor in 0.45 ms, found 0 plugins.
Preloading 0 native plugins for Editor in 0.00 ms.
Mono: successfully reloaded assembly
- Completed reload, in  1.227 seconds
Platform modules already initialized, skipping
Refreshing native plugins compatible for Editor in 0.24 ms, found 0 plugins.
Preloading 0 native plugins for Editor in 0.00 ms.
Unloading 1114 Unused Serialized files (Serialized files now loaded: 0)
System memory in use before: 60.9 MB.
System memory in use after: 61.0 MB.

Unloading 5 unused Assets to reduce memory usage. Loaded Objects now: 1728.
Total: 2.125200 ms (FindLiveObjects: 0.183100 ms CreateObjectMapping: 0.050400 ms MarkObjects: 1.828900 ms  DeleteObjects: 0.061500 ms)

========================================================================
Received Prepare
Registering precompiled user dll's ...
Registered in 0.001241 seconds.
Begin MonoManager ReloadAssembly
Native extension for WindowsStandalone target not found
Refreshing native plugins compatible for Editor in 0.25 ms, found 0 plugins.
Preloading 0 native plugins for Editor in 0.00 ms.
Mono: successfully reloaded assembly
- Completed reload, in  1.267 seconds
Platform modules already initialized, skipping
Refreshing native plugins compatible for Editor in 0.26 ms, found 0 plugins.
Preloading 0 native plugins for Editor in 0.00 ms.
Unloading 1114 Unused Serialized files (Serialized files now loaded: 0)
System memory in use before: 60.9 MB.
System memory in use after: 61.0 MB.

Unloading 5 unused Assets to reduce memory usage. Loaded Objects now: 1731.
Total: 2.478600 ms (FindLiveObjects: 0.204000 ms CreateObjectMapping: 0.051700 ms MarkObjects: 2.127800 ms  DeleteObjects: 0.093300 ms)

========================================================================
Received Prepare
Registering precompiled user dll's ...
Registered in 0.000932 seconds.
Begin MonoManager ReloadAssembly
Native extension for WindowsStandalone target not found
Refreshing native plugins compatible for Editor in 0.40 ms, found 0 plugins.
Preloading 0 native plugins for Editor in 0.00 ms.
Mono: successfully reloaded assembly
- Completed reload, in  3.927 seconds
Platform modules already initialized, skipping
Refreshing native plugins compatible for Editor in 0.44 ms, found 0 plugins.
Preloading 0 native plugins for Editor in 0.00 ms.
Unloading 1114 Unused Serialized files (Serialized files now loaded: 0)
System memory in use before: 60.9 MB.
System memory in use after: 61.0 MB.

Unloading 5 unused Assets to reduce memory usage. Loaded Objects now: 1734.
Total: 3.615100 ms (FindLiveObjects: 0.711500 ms CreateObjectMapping: 0.082600 ms MarkObjects: 2.688300 ms  DeleteObjects: 0.130400 ms)

========================================================================
Received Prepare
Registering precompiled user dll's ...
Registered in 0.001567 seconds.
Begin MonoManager ReloadAssembly
Native extension for WindowsStandalone target not found
Refreshing native plugins compatible for Editor in 0.50 ms, found 0 plugins.
Preloading 0 native plugins for Editor in 0.00 ms.
Mono: successfully reloaded assembly
- Completed reload, in  1.795 seconds
Platform modules already initialized, skipping
Refreshing native plugins compatible for Editor in 0.37 ms, found 0 plugins.
Preloading 0 native plugins for Editor in 0.00 ms.
Unloading 1114 Unused Serialized files (Serialized files now loaded: 0)
System memory in use before: 60.9 MB.
System memory in use after: 61.0 MB.

Unloading 5 unused Assets to reduce memory usage. Loaded Objects now: 1737.
Total: 2.513500 ms (FindLiveObjects: 0.305800 ms CreateObjectMapping: 0.088200 ms MarkObjects: 2.051400 ms  DeleteObjects: 0.066200 ms)

========================================================================
Received Import Request.
  Time since last request: 2762.564691 seconds.
  path: Assets/Scripts/MeshPicker.cs
  artifactKey: Guid(44c1b720398c7674986493d25f03237b) Importer(815301076,1909f56bfc062723c751e8b465ee728b)
Start importing Assets/Scripts/MeshPicker.cs using Guid(44c1b720398c7674986493d25f03237b) Importer(815301076,1909f56bfc062723c751e8b465ee728b)  -> (artifact id: '1690dffd3d99ad2a891bb64762c77359') in 0.020676 seconds
  Import took 0.024356 seconds .

========================================================================
Received Prepare
Registering precompiled user dll's ...
Registered in 0.001258 seconds.
Begin MonoManager ReloadAssembly
Native extension for WindowsStandalone target not found
Refreshing native plugins compatible for Editor in 0.31 ms, found 0 plugins.
Preloading 0 native plugins for Editor in 0.00 ms.
Mono: successfully reloaded assembly
- Completed reload, in  1.250 seconds
Platform modules already initialized, skipping
Refreshing native plugins compatible for Editor in 0.24 ms, found 0 plugins.
Preloading 0 native plugins for Editor in 0.00 ms.
Unloading 1114 Unused Serialized files (Serialized files now loaded: 0)
System memory in use before: 60.9 MB.
System memory in use after: 61.0 MB.

Unloading 5 unused Assets to reduce memory usage. Loaded Objects now: 1740.
Total: 2.918600 ms (FindLiveObjects: 0.276700 ms CreateObjectMapping: 0.580400 ms MarkObjects: 1.997200 ms  DeleteObjects: 0.062300 ms)

========================================================================
Received Prepare
Registering precompiled user dll's ...
Registered in 0.001228 seconds.
Begin MonoManager ReloadAssembly
Native extension for WindowsStandalone target not found
Refreshing native plugins compatible for Editor in 0.24 ms, found 0 plugins.
Preloading 0 native plugins for Editor in 0.00 ms.
Mono: successfully reloaded assembly
- Completed reload, in  1.093 seconds
Platform modules already initialized, skipping
Refreshing native plugins compatible for Editor in 0.25 ms, found 0 plugins.
Preloading 0 native plugins for Editor in 0.00 ms.
Unloading 1114 Unused Serialized files (Serialized files now loaded: 0)
System memory in use before: 60.9 MB.
System memory in use after: 61.0 MB.

Unloading 5 unused Assets to reduce memory usage. Loaded Objects now: 1743.
Total: 2.202700 ms (FindLiveObjects: 0.188600 ms CreateObjectMapping: 0.048500 ms MarkObjects: 1.902600 ms  DeleteObjects: 0.061200 ms)

========================================================================
Received Import Request.
  Time since last request: 393.534629 seconds.
  path: Assets/Scripts/PathFinder.cs
  artifactKey: Guid(f61a3a02ac9235e4fa57f88efbf80b84) Importer(815301076,1909f56bfc062723c751e8b465ee728b)
Start importing Assets/Scripts/PathFinder.cs using Guid(f61a3a02ac9235e4fa57f88efbf80b84) Importer(815301076,1909f56bfc062723c751e8b465ee728b)  -> (artifact id: 'e18090f211d33d843e42a9091a2241b7') in 0.033220 seconds
  Import took 0.040060 seconds .

========================================================================
Received Prepare
Registering precompiled user dll's ...
Registered in 0.000920 seconds.
Begin MonoManager ReloadAssembly
Native extension for WindowsStandalone target not found
Refreshing native plugins compatible for Editor in 0.24 ms, found 0 plugins.
Preloading 0 native plugins for Editor in 0.00 ms.
Mono: successfully reloaded assembly
- Completed reload, in  1.459 seconds
Platform modules already initialized, skipping
Refreshing native plugins compatible for Editor in 0.25 ms, found 0 plugins.
Preloading 0 native plugins for Editor in 0.00 ms.
Unloading 1115 Unused Serialized files (Serialized files now loaded: 0)
System memory in use before: 61.0 MB.
System memory in use after: 61.0 MB.

Unloading 5 unused Assets to reduce memory usage. Loaded Objects now: 1747.
Total: 2.231600 ms (FindLiveObjects: 0.196700 ms CreateObjectMapping: 0.052200 ms MarkObjects: 1.903400 ms  DeleteObjects: 0.077800 ms)

========================================================================
Received Prepare
Registering precompiled user dll's ...
Registered in 0.001489 seconds.
Begin MonoManager ReloadAssembly
Native extension for WindowsStandalone target not found
Refreshing native plugins compatible for Editor in 0.37 ms, found 0 plugins.
Preloading 0 native plugins for Editor in 0.00 ms.
Mono: successfully reloaded assembly
- Completed reload, in  1.207 seconds
Platform modules already initialized, skipping
Refreshing native plugins compatible for Editor in 0.24 ms, found 0 plugins.
Preloading 0 native plugins for Editor in 0.00 ms.
Unloading 1115 Unused Serialized files (Serialized files now loaded: 0)
System memory in use before: 61.0 MB.
System memory in use after: 61.1 MB.

Unloading 5 unused Assets to reduce memory usage. Loaded Objects now: 1750.
Total: 3.261600 ms (FindLiveObjects: 0.235800 ms CreateObjectMapping: 0.057800 ms MarkObjects: 2.896500 ms  DeleteObjects: 0.068600 ms)

========================================================================
Received Import Request.
  Time since last request: 121.518696 seconds.
  path: Assets/Scripts/PathFinder.cs
  artifactKey: Guid(f61a3a02ac9235e4fa57f88efbf80b84) Importer(815301076,1909f56bfc062723c751e8b465ee728b)
Start importing Assets/Scripts/PathFinder.cs using Guid(f61a3a02ac9235e4fa57f88efbf80b84) Importer(815301076,1909f56bfc062723c751e8b465ee728b)  -> (artifact id: '944dc898a8e8254ed65b1706965cc221') in 0.009268 seconds
  Import took 0.011946 seconds .

========================================================================
Received Prepare
Registering precompiled user dll's ...
Registered in 0.000986 seconds.
Begin MonoManager ReloadAssembly
Native extension for WindowsStandalone target not found
Refreshing native plugins compatible for Editor in 0.25 ms, found 0 plugins.
Preloading 0 native plugins for Editor in 0.00 ms.
Mono: successfully reloaded assembly
- Completed reload, in  1.040 seconds
Platform modules already initialized, skipping
Refreshing native plugins compatible for Editor in 0.26 ms, found 0 plugins.
Preloading 0 native plugins for Editor in 0.00 ms.
Unloading 1115 Unused Serialized files (Serialized files now loaded: 0)
System memory in use before: 61.0 MB.
System memory in use after: 61.1 MB.

Unloading 5 unused Assets to reduce memory usage. Loaded Objects now: 1753.
Total: 2.181800 ms (FindLiveObjects: 0.186900 ms CreateObjectMapping: 0.048100 ms MarkObjects: 1.849200 ms  DeleteObjects: 0.095700 ms)

========================================================================
Received Prepare
Registering precompiled user dll's ...
Registered in 0.000943 seconds.
Begin MonoManager ReloadAssembly
Native extension for WindowsStandalone target not found
Refreshing native plugins compatible for Editor in 0.29 ms, found 0 plugins.
Preloading 0 native plugins for Editor in 0.00 ms.
Mono: successfully reloaded assembly
- Completed reload, in  1.217 seconds
Platform modules already initialized, skipping
Refreshing native plugins compatible for Editor in 0.29 ms, found 0 plugins.
Preloading 0 native plugins for Editor in 0.00 ms.
Unloading 1115 Unused Serialized files (Serialized files now loaded: 0)
System memory in use before: 61.0 MB.
System memory in use after: 61.1 MB.

Unloading 5 unused Assets to reduce memory usage. Loaded Objects now: 1756.
Total: 2.284800 ms (FindLiveObjects: 0.262000 ms CreateObjectMapping: 0.099100 ms MarkObjects: 1.810300 ms  DeleteObjects: 0.111700 ms)

========================================================================
Received Prepare
Registering precompiled user dll's ...
Registered in 0.000951 seconds.
Begin MonoManager ReloadAssembly
Native extension for WindowsStandalone target not found
Refreshing native plugins compatible for Editor in 0.26 ms, found 0 plugins.
Preloading 0 native plugins for Editor in 0.00 ms.
Mono: successfully reloaded assembly
- Completed reload, in  1.155 seconds
Platform modules already initialized, skipping
Refreshing native plugins compatible for Editor in 0.25 ms, found 0 plugins.
Preloading 0 native plugins for Editor in 0.00 ms.
Unloading 1115 Unused Serialized files (Serialized files now loaded: 0)
System memory in use before: 61.0 MB.
System memory in use after: 61.1 MB.

Unloading 5 unused Assets to reduce memory usage. Loaded Objects now: 1759.
Total: 2.201600 ms (FindLiveObjects: 0.175800 ms CreateObjectMapping: 0.042500 ms MarkObjects: 1.885500 ms  DeleteObjects: 0.095900 ms)

========================================================================
Received Prepare
Registering precompiled user dll's ...
Registered in 0.000996 seconds.
Begin MonoManager ReloadAssembly
Native extension for WindowsStandalone target not found
Refreshing native plugins compatible for Editor in 0.25 ms, found 0 plugins.
Preloading 0 native plugins for Editor in 0.00 ms.
Mono: successfully reloaded assembly
- Completed reload, in  1.257 seconds
Platform modules already initialized, skipping
Refreshing native plugins compatible for Editor in 0.24 ms, found 0 plugins.
Preloading 0 native plugins for Editor in 0.00 ms.
Unloading 1115 Unused Serialized files (Serialized files now loaded: 0)
System memory in use before: 61.0 MB.
System memory in use after: 61.1 MB.

Unloading 5 unused Assets to reduce memory usage. Loaded Objects now: 1762.
Total: 2.388200 ms (FindLiveObjects: 0.205000 ms CreateObjectMapping: 0.051800 ms MarkObjects: 2.030800 ms  DeleteObjects: 0.098700 ms)

========================================================================
Received Import Request.
  Time since last request: 13853.121350 seconds.
  path: Assets/Scripts/PriorityQueue.cs
  artifactKey: Guid(9773fa72b07b46e45a71c73ae022a352) Importer(815301076,1909f56bfc062723c751e8b465ee728b)
Start importing Assets/Scripts/PriorityQueue.cs using Guid(9773fa72b07b46e45a71c73ae022a352) Importer(815301076,1909f56bfc062723c751e8b465ee728b)  -> (artifact id: '374c968a361fd9bb4848d9478305e9ce') in 0.047914 seconds
  Import took 0.053490 seconds .

========================================================================
Received Prepare
Registering precompiled user dll's ...
Registered in 0.000919 seconds.
Begin MonoManager ReloadAssembly
Native extension for WindowsStandalone target not found
Refreshing native plugins compatible for Editor in 0.24 ms, found 0 plugins.
Preloading 0 native plugins for Editor in 0.00 ms.
Mono: successfully reloaded assembly
- Completed reload, in  1.459 seconds
Platform modules already initialized, skipping
Refreshing native plugins compatible for Editor in 0.25 ms, found 0 plugins.
Preloading 0 native plugins for Editor in 0.00 ms.
Unloading 1116 Unused Serialized files (Serialized files now loaded: 0)
System memory in use before: 61.0 MB.
System memory in use after: 61.1 MB.

Unloading 5 unused Assets to reduce memory usage. Loaded Objects now: 1766.
Total: 2.096500 ms (FindLiveObjects: 0.171900 ms CreateObjectMapping: 0.041800 ms MarkObjects: 1.807100 ms  DeleteObjects: 0.074500 ms)

========================================================================
Received Import Request.
  Time since last request: 15.813938 seconds.
  path: Assets/Scripts/BinaryHeap.cs
  artifactKey: Guid(9773fa72b07b46e45a71c73ae022a352) Importer(815301076,1909f56bfc062723c751e8b465ee728b)
Start importing Assets/Scripts/BinaryHeap.cs using Guid(9773fa72b07b46e45a71c73ae022a352) Importer(815301076,1909f56bfc062723c751e8b465ee728b)  -> (artifact id: '35d069bf8b36bfe03b0677ef2d2c795b') in 0.035918 seconds
  Import took 0.043167 seconds .

========================================================================
Received Prepare
Registering precompiled user dll's ...
Registered in 0.000925 seconds.
Begin MonoManager ReloadAssembly
Native extension for WindowsStandalone target not found
Refreshing native plugins compatible for Editor in 0.48 ms, found 0 plugins.
Preloading 0 native plugins for Editor in 0.00 ms.
Mono: successfully reloaded assembly
- Completed reload, in  1.313 seconds
Platform modules already initialized, skipping
Refreshing native plugins compatible for Editor in 0.24 ms, found 0 plugins.
Preloading 0 native plugins for Editor in 0.00 ms.
Unloading 1116 Unused Serialized files (Serialized files now loaded: 0)
System memory in use before: 61.0 MB.
System memory in use after: 61.1 MB.

Unloading 5 unused Assets to reduce memory usage. Loaded Objects now: 1769.
Total: 2.309600 ms (FindLiveObjects: 0.174900 ms CreateObjectMapping: 0.045200 ms MarkObjects: 2.025300 ms  DeleteObjects: 0.062600 ms)

========================================================================
Received Prepare
Registering precompiled user dll's ...
Registered in 0.002370 seconds.
Begin MonoManager ReloadAssembly
Native extension for WindowsStandalone target not found
Refreshing native plugins compatible for Editor in 0.62 ms, found 0 plugins.
Preloading 0 native plugins for Editor in 0.00 ms.
Mono: successfully reloaded assembly
- Completed reload, in  2.537 seconds
Platform modules already initialized, skipping
Refreshing native plugins compatible for Editor in 0.25 ms, found 0 plugins.
Preloading 0 native plugins for Editor in 0.00 ms.
Unloading 1116 Unused Serialized files (Serialized files now loaded: 0)
System memory in use before: 61.0 MB.
System memory in use after: 61.1 MB.

Unloading 5 unused Assets to reduce memory usage. Loaded Objects now: 1772.
Total: 4.835800 ms (FindLiveObjects: 0.793300 ms CreateObjectMapping: 0.347700 ms MarkObjects: 3.605500 ms  DeleteObjects: 0.086300 ms)

========================================================================
Received Prepare
Registering precompiled user dll's ...
Registered in 0.000916 seconds.
Begin MonoManager ReloadAssembly
Native extension for WindowsStandalone target not found
Refreshing native plugins compatible for Editor in 0.23 ms, found 0 plugins.
Preloading 0 native plugins for Editor in 0.00 ms.
Mono: successfully reloaded assembly
- Completed reload, in  1.235 seconds
Platform modules already initialized, skipping
Refreshing native plugins compatible for Editor in 0.26 ms, found 0 plugins.
Preloading 0 native plugins for Editor in 0.00 ms.
Unloading 1116 Unused Serialized files (Serialized files now loaded: 0)
System memory in use before: 61.0 MB.
System memory in use after: 61.1 MB.

Unloading 5 unused Assets to reduce memory usage. Loaded Objects now: 1775.
Total: 2.199400 ms (FindLiveObjects: 0.186500 ms CreateObjectMapping: 0.048500 ms MarkObjects: 1.886700 ms  DeleteObjects: 0.076200 ms)

========================================================================
Received Prepare
Registering precompiled user dll's ...
Registered in 0.001457 seconds.
Begin MonoManager ReloadAssembly
Native extension for WindowsStandalone target not found
Refreshing native plugins compatible for Editor in 0.25 ms, found 0 plugins.
Preloading 0 native plugins for Editor in 0.00 ms.
Mono: successfully reloaded assembly
- Completed reload, in  1.277 seconds
Platform modules already initialized, skipping
Refreshing native plugins compatible for Editor in 0.23 ms, found 0 plugins.
Preloading 0 native plugins for Editor in 0.00 ms.
Unloading 1116 Unused Serialized files (Serialized files now loaded: 0)
System memory in use before: 61.0 MB.
System memory in use after: 61.1 MB.

Unloading 5 unused Assets to reduce memory usage. Loaded Objects now: 1778.
Total: 2.163600 ms (FindLiveObjects: 0.195500 ms CreateObjectMapping: 0.047700 ms MarkObjects: 1.843000 ms  DeleteObjects: 0.076000 ms)

